TN:
SF:src/lib/land-transfer.ts
FN:23,(anonymous_17)
FN:28,LandTransfer
FN:40,(anonymous_19)
FN:52,(anonymous_20)
FN:81,landTransferDecorator
FN:84,transfer
FN:97,onLoad
FNF:7
FNH:7
FNDA:1,(anonymous_17)
FNDA:8,LandTransfer
FNDA:7,(anonymous_19)
FNDA:8,(anonymous_20)
FNDA:3,landTransferDecorator
FNDA:3,transfer
FNDA:2,onLoad
DA:5,1
DA:6,1
DA:23,1
DA:28,10
DA:29,8
DA:30,4
DA:31,8
DA:32,8
DA:40,1
DA:41,7
DA:42,6
DA:43,5
DA:52,1
DA:54,8
DA:55,8
DA:58,11
DA:59,9
DA:60,1
DA:62,4
DA:63,4
DA:65,4
DA:70,8
DA:71,8
DA:73,7
DA:75,1
DA:76,1
DA:79,1
DA:81,1
DA:84,3
DA:89,3
DA:90,1
DA:93,2
DA:95,2
DA:97,2
DA:100,4
DA:102,1
DA:106,2
DA:111,1
LF:38
LH:38
BRDA:28,0,0,2
BRDA:28,0,1,6
BRDA:29,1,0,4
BRDA:29,1,1,4
BRDA:31,2,0,1
BRDA:31,2,1,7
BRDA:32,3,0,1
BRDA:32,3,1,7
BRDA:41,4,0,1
BRDA:41,4,1,6
BRDA:42,5,0,1
BRDA:42,5,1,5
BRDA:58,6,0,3
BRDA:58,6,1,5
BRDA:59,7,0,4
BRDA:59,7,1,1
BRDA:70,8,0,0
BRDA:70,8,1,8
BRDA:70,9,0,8
BRDA:70,9,1,8
BRDA:71,10,0,1
BRDA:71,10,1,7
BRDA:89,11,0,1
BRDA:89,11,1,2
BRF:24
BRH:23
end_of_record
TN:
SF:src/lib/logger.ts
FNF:0
FNH:0
DA:1,4
DA:3,4
DA:5,4
LF:3
LH:3
BRF:0
BRH:0
end_of_record
TN:
SF:src/lib/navigator.ts
FN:9,(anonymous_14)
FN:24,(anonymous_15)
FN:31,(anonymous_16)
FN:39,(anonymous_18)
FN:71,(anonymous_21)
FN:81,(anonymous_24)
FN:85,(anonymous_25)
FN:90,(anonymous_26)
FN:104,(anonymous_27)
FN:113,(anonymous_30)
FN:116,(anonymous_31)
FN:121,(anonymous_32)
FN:135,(anonymous_33)
FN:144,(anonymous_36)
FN:147,(anonymous_37)
FN:152,(anonymous_38)
FN:166,(anonymous_39)
FN:179,(anonymous_42)
FN:182,(anonymous_43)
FN:186,(anonymous_44)
FN:195,(anonymous_45)
FN:217,(anonymous_46)
FNF:22
FNH:22
FNDA:26,(anonymous_14)
FNDA:3,(anonymous_15)
FNDA:6,(anonymous_16)
FNDA:10,(anonymous_18)
FNDA:11,(anonymous_21)
FNDA:10,(anonymous_24)
FNDA:7,(anonymous_25)
FNDA:2,(anonymous_26)
FNDA:3,(anonymous_27)
FNDA:3,(anonymous_30)
FNDA:2,(anonymous_31)
FNDA:1,(anonymous_32)
FNDA:3,(anonymous_33)
FNDA:3,(anonymous_36)
FNDA:2,(anonymous_37)
FNDA:1,(anonymous_38)
FNDA:3,(anonymous_39)
FNDA:3,(anonymous_42)
FNDA:2,(anonymous_43)
FNDA:1,(anonymous_44)
FNDA:9,(anonymous_45)
FNDA:20,(anonymous_46)
DA:1,3
DA:2,3
DA:9,3
DA:10,52
DA:12,26
DA:14,26
DA:15,26
DA:16,26
DA:18,26
DA:24,3
DA:26,3
DA:28,3
DA:31,3
DA:33,3
DA:36,3
DA:39,40
DA:40,10
DA:41,10
DA:42,10
DA:45,10
DA:46,1
DA:50,9
DA:51,9
DA:52,9
DA:53,9
DA:55,2
DA:56,1
DA:59,1
DA:62,7
DA:71,3
DA:76,11
DA:77,10
DA:79,10
DA:81,10
DA:82,10
DA:86,7
DA:87,7
DA:88,7
DA:91,2
DA:92,2
DA:93,2
DA:104,3
DA:106,3
DA:108,3
DA:109,3
DA:111,3
DA:113,3
DA:114,3
DA:117,2
DA:118,2
DA:119,2
DA:122,1
DA:123,1
DA:124,1
DA:135,3
DA:137,3
DA:139,3
DA:140,3
DA:142,3
DA:144,3
DA:145,3
DA:148,2
DA:149,2
DA:150,2
DA:153,1
DA:154,1
DA:155,1
DA:166,3
DA:170,3
DA:171,3
DA:173,3
DA:174,2
DA:175,2
DA:176,2
DA:179,3
DA:180,3
DA:183,2
DA:184,2
DA:187,1
DA:188,1
DA:189,1
DA:195,3
DA:196,9
DA:197,9
DA:199,9
DA:202,9
DA:203,21
DA:204,21
DA:209,7
DA:210,7
DA:214,9
DA:217,3
DA:218,20
DA:220,3
DA:222,3
DA:224,3
LF:96
LH:96
BRDA:10,0,0,1
BRDA:10,0,1,25
BRDA:12,1,0,24
BRDA:12,1,1,2
BRDA:15,2,0,23
BRDA:15,2,1,3
BRDA:24,3,0,3
BRDA:24,3,1,3
BRDA:40,4,0,0
BRDA:40,4,1,10
BRDA:45,5,0,1
BRDA:45,5,1,9
BRDA:53,6,0,2
BRDA:53,6,1,7
BRDA:55,7,0,1
BRDA:55,7,1,1
BRDA:84,8,0,10
BRDA:84,8,1,0
BRDA:84,9,0,10
BRDA:84,9,1,10
BRDA:106,10,0,0
BRDA:106,10,1,3
BRDA:137,11,0,0
BRDA:137,11,1,3
BRDA:173,12,0,2
BRDA:173,12,1,1
BRDA:173,13,0,1
BRDA:173,13,1,2
BRDA:173,14,0,3
BRDA:173,14,1,3
BRDA:175,15,0,2
BRDA:175,15,1,0
BRDA:176,16,0,0
BRDA:176,16,1,2
BRDA:176,17,0,2
BRDA:176,17,1,2
BRDA:176,18,0,0
BRDA:176,18,1,2
BRDA:176,19,0,2
BRDA:176,19,1,2
BRDA:204,20,0,7
BRDA:204,20,1,14
BRDA:205,21,0,21
BRDA:205,21,1,8
BRDA:205,21,2,8
BRDA:218,22,0,1
BRDA:218,22,1,19
BRF:47
BRH:40
end_of_record
TN:
SF:src/lib/route-matcher.ts
FN:3,(anonymous_0)
FN:12,RouteMatcher
FN:17,(anonymous_2)
FN:26,(anonymous_3)
FNF:4
FNH:4
FNDA:3,(anonymous_0)
FNDA:6,RouteMatcher
FNDA:12,(anonymous_2)
FNDA:8,(anonymous_3)
DA:1,3
DA:3,3
DA:4,6
DA:7,6
DA:10,6
DA:13,6
DA:14,6
DA:17,3
DA:18,12
DA:19,12
DA:21,7
DA:22,7
DA:25,7
DA:26,5
DA:27,8
DA:31,7
DA:36,3
LF:17
LH:17
BRDA:19,0,0,5
BRDA:19,0,1,7
BRDA:25,1,0,5
BRDA:25,1,1,2
BRF:4
BRH:4
end_of_record
TN:
SF:src/lib/route.ts
FN:3,(anonymous_1)
FN:6,Route
FN:10,(anonymous_3)
FN:14,(anonymous_4)
FN:18,(anonymous_5)
FN:22,(anonymous_6)
FNF:6
FNH:3
FNDA:3,(anonymous_1)
FNDA:4,Route
FNDA:1,(anonymous_3)
FNDA:0,(anonymous_4)
FNDA:0,(anonymous_5)
FNDA:0,(anonymous_6)
DA:1,3
DA:3,3
DA:6,4
DA:7,4
DA:10,3
DA:11,1
DA:14,3
DA:15,0
DA:18,3
DA:19,0
DA:22,3
DA:23,0
DA:25,3
DA:27,3
LF:14
LH:11
BRF:0
BRH:0
end_of_record
TN:
SF:src/lib/router.ts
FN:12,(anonymous_1)
FN:16,(anonymous_3)
FN:33,(anonymous_4)
FN:34,(anonymous_5)
FN:37,(anonymous_6)
FN:41,(anonymous_7)
FN:43,(anonymous_8)
FN:44,(anonymous_9)
FN:54,(anonymous_10)
FN:62,(anonymous_11)
FN:70,(anonymous_12)
FN:78,(anonymous_13)
FN:86,(anonymous_14)
FNF:13
FNH:9
FNDA:4,(anonymous_1)
FNDA:4,(anonymous_3)
FNDA:1,(anonymous_4)
FNDA:3,(anonymous_5)
FNDA:1,(anonymous_6)
FNDA:4,(anonymous_7)
FNDA:10,(anonymous_8)
FNDA:10,(anonymous_9)
FNDA:4,(anonymous_10)
FNDA:0,(anonymous_11)
FNDA:0,(anonymous_12)
FNDA:0,(anonymous_13)
FNDA:0,(anonymous_14)
DA:1,2
DA:2,2
DA:3,2
DA:4,2
DA:5,2
DA:12,2
DA:13,2
DA:14,2
DA:16,2
DA:17,4
DA:24,4
DA:29,4
DA:30,4
DA:33,2
DA:34,3
DA:37,2
DA:38,1
DA:41,2
DA:42,4
DA:43,10
DA:44,10
DA:46,4
DA:48,4
DA:54,2
DA:58,4
DA:59,4
DA:62,2
DA:66,0
DA:67,0
DA:70,2
DA:74,0
DA:75,0
DA:78,2
DA:82,0
DA:83,0
DA:86,2
DA:90,0
DA:92,2
DA:94,2
LF:39
LH:32
BRDA:29,0,0,4
BRDA:29,0,1,0
BRDA:49,1,0,4
BRDA:49,1,1,0
BRDA:49,2,0,0
BRDA:49,2,1,4
BRDA:49,3,0,4
BRDA:49,3,1,4
BRDA:50,4,0,4
BRDA:50,4,1,0
BRDA:50,5,0,0
BRDA:50,5,1,4
BRDA:50,6,0,4
BRDA:50,6,1,4
BRF:14
BRH:9
end_of_record
TN:
SF:src/lib/utils.ts
FN:1,(anonymous_0)
FN:8,(anonymous_1)
FN:16,(anonymous_2)
FN:18,(anonymous_3)
FN:29,(anonymous_4)
FNF:5
FNH:4
FNDA:4,(anonymous_0)
FNDA:4,(anonymous_1)
FNDA:26,(anonymous_2)
FNDA:29,(anonymous_3)
FNDA:0,(anonymous_4)
DA:1,4
DA:2,4
DA:3,4
DA:4,4
DA:6,4
DA:9,4
DA:10,4
DA:12,4
DA:13,4
DA:16,52
DA:17,26
DA:18,26
DA:19,29
DA:22,26
DA:29,4
DA:30,0
DA:32,0
DA:36,0
LF:18
LH:15
BRDA:7,0,0,0
BRDA:7,0,1,4
BRDA:9,1,0,2
BRDA:9,1,1,2
BRDA:16,2,0,0
BRDA:16,2,1,26
BRDA:16,3,0,26
BRDA:16,3,1,0
BRDA:19,4,0,0
BRDA:19,4,1,29
BRDA:29,5,0,0
BRDA:29,5,1,0
BRDA:30,6,0,0
BRDA:30,6,1,0
BRF:14
BRH:6
end_of_record
TN:
SF:src/test/wx-page-mock.ts
FN:1,(anonymous_0)
FN:8,Page
FN:5,(anonymous_2)
FNF:3
FNH:3
FNDA:2,(anonymous_0)
FNDA:21,Page
FNDA:2,(anonymous_2)
DA:1,2
DA:4,21
DA:5,2
DA:6,2
DA:8,21
DA:9,21
DA:10,21
DA:12,2
LF:8
LH:8
BRDA:8,0,0,14
BRDA:8,0,1,7
BRDA:9,1,0,7
BRDA:9,1,1,14
BRDA:10,2,0,5
BRDA:10,2,1,16
BRF:6
BRH:6
end_of_record
TN:
SF:src/test/wx-route-mock.ts
FN:2,(anonymous_0)
FN:3,(anonymous_1)
FN:6,(anonymous_2)
FN:7,(anonymous_3)
FN:10,(anonymous_4)
FN:11,(anonymous_5)
FN:14,(anonymous_6)
FN:15,(anonymous_7)
FN:21,(anonymous_8)
FN:22,(anonymous_9)
FN:25,(anonymous_10)
FN:26,(anonymous_11)
FN:29,(anonymous_12)
FN:30,(anonymous_13)
FN:33,(anonymous_14)
FN:34,(anonymous_15)
FNF:16
FNH:16
FNDA:8,(anonymous_0)
FNDA:7,(anonymous_1)
FNDA:2,(anonymous_2)
FNDA:2,(anonymous_3)
FNDA:2,(anonymous_4)
FNDA:2,(anonymous_5)
FNDA:2,(anonymous_6)
FNDA:2,(anonymous_7)
FNDA:2,(anonymous_8)
FNDA:2,(anonymous_9)
FNDA:1,(anonymous_10)
FNDA:1,(anonymous_11)
FNDA:1,(anonymous_12)
FNDA:1,(anonymous_13)
FNDA:1,(anonymous_14)
FNDA:1,(anonymous_15)
DA:1,2
DA:2,8
DA:3,8
DA:4,7
DA:6,2
DA:7,2
DA:8,2
DA:10,2
DA:11,2
DA:12,2
DA:14,2
DA:15,2
DA:16,2
DA:20,2
DA:21,2
DA:22,2
DA:23,2
DA:25,1
DA:26,1
DA:27,1
DA:29,1
DA:30,1
DA:31,1
DA:33,1
DA:34,1
DA:35,1
LF:26
LH:26
BRF:0
BRH:0
end_of_record
