TN:
SF:src/lib/logger.ts
FNF:0
FNH:0
DA:1,2
DA:3,2
DA:5,2
LF:3
LH:3
BRF:0
BRH:0
end_of_record
TN:
SF:src/lib/navigator.ts
FN:9,(anonymous_2)
FN:24,(anonymous_3)
FN:31,(anonymous_4)
FN:39,(anonymous_6)
FN:68,(anonymous_7)
FN:79,(anonymous_8)
FN:82,(anonymous_9)
FN:85,(anonymous_10)
FN:91,(anonymous_11)
FN:102,(anonymous_12)
FN:105,(anonymous_13)
FN:108,(anonymous_14)
FN:114,(anonymous_15)
FN:125,(anonymous_16)
FN:128,(anonymous_17)
FN:131,(anonymous_18)
FN:137,(anonymous_19)
FN:152,(anonymous_20)
FN:153,(anonymous_21)
FN:157,(anonymous_22)
FN:164,(anonymous_23)
FNF:21
FNH:2
FNDA:0,(anonymous_2)
FNDA:1,(anonymous_3)
FNDA:2,(anonymous_4)
FNDA:0,(anonymous_6)
FNDA:0,(anonymous_7)
FNDA:0,(anonymous_8)
FNDA:0,(anonymous_9)
FNDA:0,(anonymous_10)
FNDA:0,(anonymous_11)
FNDA:0,(anonymous_12)
FNDA:0,(anonymous_13)
FNDA:0,(anonymous_14)
FNDA:0,(anonymous_15)
FNDA:0,(anonymous_16)
FNDA:0,(anonymous_17)
FNDA:0,(anonymous_18)
FNDA:0,(anonymous_19)
FNDA:0,(anonymous_20)
FNDA:0,(anonymous_21)
FNDA:0,(anonymous_22)
FNDA:0,(anonymous_23)
DA:1,1
DA:2,1
DA:9,1
DA:10,0
DA:12,0
DA:14,0
DA:15,0
DA:16,0
DA:18,0
DA:24,1
DA:26,1
DA:28,1
DA:31,1
DA:33,1
DA:36,1
DA:39,1
DA:40,0
DA:41,0
DA:42,0
DA:44,0
DA:45,0
DA:48,0
DA:49,0
DA:53,0
DA:54,0
DA:55,0
DA:56,0
DA:58,0
DA:59,0
DA:62,0
DA:65,0
DA:68,1
DA:70,0
DA:72,0
DA:73,0
DA:75,0
DA:77,0
DA:80,0
DA:82,0
DA:83,0
DA:86,0
DA:91,1
DA:93,0
DA:95,0
DA:96,0
DA:98,0
DA:100,0
DA:103,0
DA:105,0
DA:106,0
DA:109,0
DA:114,1
DA:116,0
DA:118,0
DA:119,0
DA:121,0
DA:123,0
DA:126,0
DA:128,0
DA:129,0
DA:132,0
DA:137,1
DA:141,0
DA:142,0
DA:144,0
DA:145,0
DA:146,0
DA:147,0
DA:150,0
DA:152,0
DA:153,0
DA:154,0
DA:155,0
DA:157,0
DA:158,0
DA:159,0
DA:164,1
DA:165,0
DA:166,0
DA:168,0
DA:171,0
DA:172,0
DA:173,0
DA:178,0
DA:179,0
DA:183,0
DA:185,1
DA:187,1
DA:189,1
LF:89
LH:18
BRDA:12,0,0,0
BRDA:12,0,1,0
BRDA:15,1,0,0
BRDA:15,1,1,0
BRDA:24,2,0,1
BRDA:24,2,1,1
BRDA:40,3,0,0
BRDA:40,3,1,0
BRDA:44,4,0,0
BRDA:44,4,1,0
BRDA:48,5,0,0
BRDA:48,5,1,0
BRDA:56,6,0,0
BRDA:56,6,1,0
BRDA:58,7,0,0
BRDA:58,7,1,0
BRDA:70,8,0,0
BRDA:70,8,1,0
BRDA:72,9,0,0
BRDA:72,9,1,0
BRDA:93,10,0,0
BRDA:93,10,1,0
BRDA:95,11,0,0
BRDA:95,11,1,0
BRDA:116,12,0,0
BRDA:116,12,1,0
BRDA:118,13,0,0
BRDA:118,13,1,0
BRDA:141,14,0,0
BRDA:141,14,1,0
BRDA:144,15,0,0
BRDA:144,15,1,0
BRDA:144,16,0,0
BRDA:144,16,1,0
BRDA:144,17,0,0
BRDA:144,17,1,0
BRDA:146,18,0,0
BRDA:146,18,1,0
BRDA:147,19,0,0
BRDA:147,19,1,0
BRDA:147,20,0,0
BRDA:147,20,1,0
BRDA:147,21,0,0
BRDA:147,21,1,0
BRDA:147,22,0,0
BRDA:147,22,1,0
BRDA:152,23,0,0
BRDA:152,23,1,0
BRDA:152,24,0,0
BRDA:152,24,1,0
BRDA:152,25,0,0
BRDA:152,25,1,0
BRDA:152,26,0,0
BRDA:152,26,1,0
BRDA:155,27,0,0
BRDA:155,27,1,0
BRDA:155,28,0,0
BRDA:155,28,1,0
BRDA:155,29,0,0
BRDA:155,29,1,0
BRDA:155,30,0,0
BRDA:155,30,1,0
BRDA:159,31,0,0
BRDA:159,31,1,0
BRDA:159,32,0,0
BRDA:159,32,1,0
BRDA:159,33,0,0
BRDA:159,33,1,0
BRDA:159,34,0,0
BRDA:159,34,1,0
BRDA:173,35,0,0
BRDA:173,35,1,0
BRDA:174,36,0,0
BRDA:174,36,1,0
BRDA:174,36,2,0
BRF:75
BRH:2
end_of_record
TN:
SF:src/lib/route-matcher.ts
FN:3,(anonymous_0)
FN:12,RouteMatcher
FN:17,(anonymous_2)
FN:26,(anonymous_3)
FNF:4
FNH:4
FNDA:2,(anonymous_0)
FNDA:5,RouteMatcher
FNDA:11,(anonymous_2)
FNDA:8,(anonymous_3)
DA:1,2
DA:3,2
DA:4,5
DA:7,5
DA:10,5
DA:13,5
DA:14,5
DA:17,2
DA:18,11
DA:19,11
DA:21,6
DA:22,6
DA:25,6
DA:26,5
DA:27,8
DA:31,6
DA:36,2
LF:17
LH:17
BRDA:19,0,0,5
BRDA:19,0,1,6
BRDA:25,1,0,5
BRDA:25,1,1,1
BRF:4
BRH:4
end_of_record
TN:
SF:src/lib/route.ts
FN:3,(anonymous_1)
FN:6,Route
FN:10,(anonymous_3)
FN:14,(anonymous_4)
FN:18,(anonymous_5)
FN:22,(anonymous_6)
FNF:6
FNH:3
FNDA:2,(anonymous_1)
FNDA:3,Route
FNDA:1,(anonymous_3)
FNDA:0,(anonymous_4)
FNDA:0,(anonymous_5)
FNDA:0,(anonymous_6)
DA:1,2
DA:3,2
DA:6,3
DA:7,3
DA:10,2
DA:11,1
DA:14,2
DA:15,0
DA:18,2
DA:19,0
DA:22,2
DA:23,0
DA:25,2
DA:27,2
LF:14
LH:11
BRF:0
BRH:0
end_of_record
TN:
SF:src/lib/router.ts
FN:12,(anonymous_1)
FN:16,(anonymous_3)
FN:33,(anonymous_4)
FN:34,(anonymous_5)
FN:37,(anonymous_6)
FN:41,(anonymous_7)
FN:43,(anonymous_8)
FN:44,(anonymous_9)
FN:54,(anonymous_10)
FN:62,(anonymous_11)
FN:70,(anonymous_12)
FN:78,(anonymous_13)
FN:86,(anonymous_14)
FNF:13
FNH:9
FNDA:2,(anonymous_1)
FNDA:3,(anonymous_3)
FNDA:1,(anonymous_4)
FNDA:3,(anonymous_5)
FNDA:1,(anonymous_6)
FNDA:3,(anonymous_7)
FNDA:9,(anonymous_8)
FNDA:9,(anonymous_9)
FNDA:3,(anonymous_10)
FNDA:0,(anonymous_11)
FNDA:0,(anonymous_12)
FNDA:0,(anonymous_13)
FNDA:0,(anonymous_14)
DA:1,1
DA:2,1
DA:3,1
DA:4,1
DA:5,1
DA:12,1
DA:13,1
DA:14,1
DA:16,1
DA:17,3
DA:24,3
DA:29,3
DA:30,3
DA:33,1
DA:34,3
DA:37,1
DA:38,1
DA:41,1
DA:42,3
DA:43,9
DA:44,9
DA:46,3
DA:48,3
DA:54,1
DA:58,3
DA:59,3
DA:62,1
DA:66,0
DA:67,0
DA:70,1
DA:74,0
DA:75,0
DA:78,1
DA:82,0
DA:83,0
DA:86,1
DA:90,0
DA:92,1
DA:94,1
LF:39
LH:32
BRDA:29,0,0,3
BRDA:29,0,1,0
BRDA:49,1,0,3
BRDA:49,1,1,0
BRDA:49,2,0,0
BRDA:49,2,1,3
BRDA:49,3,0,3
BRDA:49,3,1,3
BRDA:50,4,0,3
BRDA:50,4,1,0
BRDA:50,5,0,0
BRDA:50,5,1,3
BRDA:50,6,0,3
BRDA:50,6,1,3
BRF:14
BRH:9
end_of_record
TN:
SF:src/lib/utils.ts
FN:1,(anonymous_0)
FN:8,(anonymous_1)
FN:16,(anonymous_2)
FN:18,(anonymous_3)
FNF:4
FNH:2
FNDA:3,(anonymous_0)
FNDA:3,(anonymous_1)
FNDA:0,(anonymous_2)
FNDA:0,(anonymous_3)
DA:1,2
DA:2,3
DA:3,3
DA:4,3
DA:6,3
DA:9,3
DA:10,3
DA:12,3
DA:13,3
DA:16,2
DA:17,0
DA:18,0
DA:19,0
DA:22,0
LF:14
LH:10
BRDA:7,0,0,0
BRDA:7,0,1,3
BRDA:9,1,0,1
BRDA:9,1,1,2
BRDA:16,2,0,0
BRDA:16,2,1,0
BRDA:16,3,0,0
BRDA:16,3,1,0
BRDA:19,4,0,0
BRDA:19,4,1,0
BRF:10
BRH:3
end_of_record
